2025-04-20 11:18:51 - root - job started: 2025-04-20 11:18:51.992467
2025-04-20 11:18:51 - root - page: 1
2025-04-20 11:22:40 - root - job started: 2025-04-20 11:22:40.739340
2025-04-20 11:22:40 - root - page: 1
2025-04-20 11:22:40 - root - cryptopanic shape: (0, 11)
2025-04-20 11:26:26 - root - job started: 2025-04-20 11:26:26.129796
2025-04-20 11:26:26 - root - page: 1
2025-04-20 11:26:26 - root - cryptopanic shape: (1, 11)
2025-04-20 11:26:35 - root - https://www.newsbtc.com/analysis/xrp/crypto-creator-todays-1k-xrp-bag-may-become-tomorrows-jackpot/
2025-04-20 11:26:40 - root - [0.050010669976472855, 0.9499893188476562]
2025-04-20 11:26:40 - root - page: 2
2025-04-20 11:26:41 - root - cryptopanic shape: (0, 11)
2025-04-20 11:31:22 - root - job started: 2025-04-20 11:31:22.350634
2025-04-20 11:31:22 - root - page: 1
2025-04-20 11:31:22 - root - cryptopanic shape: (0, 11)
2025-04-20 11:31:22 - root - job succecc!: 2025-04-20 11:31:22.557564
2025-04-20 11:35:44 - root - job started: 2025-04-20 11:35:44.102930
2025-04-20 11:35:44 - root - page: 1
2025-04-20 11:35:44 - root - cryptopanic shape: (0, 11)
2025-04-20 11:35:44 - root - job succecc!: 2025-04-20 11:35:44.310863
2025-04-20 11:36:04 - root - job started: 2025-04-20 11:36:04.765729
2025-04-20 11:36:04 - root - page: 1
2025-04-20 11:36:04 - root - cryptopanic shape: (0, 11)
2025-04-20 11:36:04 - root - job succecc!: 2025-04-20 11:36:04.876603
